<?xml version="1.0" encoding="UTF-8"?>
<!-- Generated by org.testng.reporters.JUnitReportReporter -->
<testsuite hostname="LIN39000328" name="com.capgi.Driver.WebDriverFactory" tests="1" failures="0" timestamp="10 Feb 2019 08:45:35 GMT" time="36.313" errors="0">
  <testcase name="setup" time="36.313" classname="com.capgi.Driver.WebDriverFactory"/>
</testsuite> <!-- com.capgi.Driver.WebDriverFactory -->
